
Задание 2.

'-> Table scan on <temporary>  (cost=2.5..2.5 rows=0) (actual time=22096..22096 rows=391 loops=1)\n   
 -> Temporary table with deduplication  (cost=0..0 rows=0) (actual time=22096..22096 rows=391 loops=1)\n        
  -> Window aggregate with buffering: sum(payment.amount) OVER (PARTITION BY c.customer_id,f.title )   (actual time=9220..21434 rows=642000 loops=1)\n            
  -> Sort: c.customer_id, f.title  (actual time=9219..9521 rows=642000 loops=1)\n                
  -> Stream results  (cost=10.5e+6 rows=16.3e+6) (actual time=31..6616 rows=642000 loops=1)\n                    
  -> Nested loop inner join  (cost=10.5e+6 rows=16.3e+6) (actual time=31..5598 rows=642000 loops=1)\n                        
  -> Nested loop inner join  (cost=8.89e+6 rows=16.3e+6) (actual time=29.9..5018 rows=642000 loops=1)\n                            
  -> Nested loop inner join  (cost=7.26e+6 rows=16.3e+6) (actual time=28.7..4315 rows=642000 loops=1)\n                                
  -> Inner hash join (no condition)  (cost=1.61e+6 rows=16.1e+6) (actual time=27.5..253 rows=634000 loops=1)\n                                    
  -> Filter: (cast(p.payment_date as date) = \'2005-07-30\')  (cost=1.68 rows=16086) (actual time=7.56..40.2 rows=634 loops=1)\n                                        
  -> Table scan on p  (cost=1.68 rows=16086) (actual time=1.17..25.9 rows=16044 loops=1)\n                                    
  -> Hash\n                                        
  -> Covering index scan on f using idx_title  (cost=103 rows=1000) (actual time=1.84..3.85 rows=1000 loops=1)\n                                
  -> Covering index lookup on r using rental_date (rental_date=p.payment_date)  (cost=0.25 rows=1.01) (actual time=0.00393..0.00591 rows=1.01 loops=634000)\n                            
  -> Single-row index lookup on c using PRIMARY (customer_id=r.customer_id)  (cost=250e-6 rows=1) (actual time=575e-6..642e-6 rows=1 loops=642000)\n                        
  -> Single-row covering index lookup on i using PRIMARY (inventory_id=r.inventory_id)  (cost=250e-6 rows=1) (actual time=448e-6..515e-6 rows=1 loops=642000)\n'

  Используется обычный table scan для поиска записей по нескольким условиям. Замечено, что при склеивании таблиц, сортировке и сканировании таблиц время возврата строк достаточно длительное. 
  Так же отсутствуют индексы либо первичные ключи в таблице payment(p).
  Из "хорошего" - фильтр по дате работает достаточно быстро.
  
